0 info it worked if it ends with ok
1 verbose cli [ '/usr/local/bin/node',
1 verbose cli   '/Users/thomasjohnson/.npm-packages/bin/npm',
1 verbose cli   'install',
1 verbose cli   'touch',
1 verbose cli   'routes/routes.js' ]
2 info using npm@3.3.12
3 info using node@v4.2.2
4 silly loadCurrentTree Starting
5 silly install loadCurrentTree
6 silly install readLocalPackageData
7 silly fetchPackageMetaData touch
8 silly fetchPackageMetaData routes/routes.js
9 silly fetchNamedPackageData touch
10 silly mapToRegistry name touch
11 silly mapToRegistry using default registry
12 silly mapToRegistry registry https://registry.npmjs.org/
13 silly mapToRegistry uri https://registry.npmjs.org/touch
14 silly fetchOtherPackageData routes/routes.js
15 silly cache add args [ 'routes/routes.js', null ]
16 verbose cache add spec routes/routes.js
17 silly cache add parsed spec Result {
17 silly cache add   raw: 'routes/routes.js',
17 silly cache add   scope: null,
17 silly cache add   name: null,
17 silly cache add   rawSpec: 'routes/routes.js',
17 silly cache add   spec: 'github:routes/routes.js',
17 silly cache add   type: 'hosted',
17 silly cache add   hosted:
17 silly cache add    { type: 'github',
17 silly cache add      ssh: 'git@github.com:routes/routes.js.git',
17 silly cache add      sshUrl: 'git+ssh://git@github.com/routes/routes.js.git',
17 silly cache add      httpsUrl: 'git+https://github.com/routes/routes.js.git',
17 silly cache add      gitUrl: 'git://github.com/routes/routes.js.git',
17 silly cache add      shortcut: 'github:routes/routes.js',
17 silly cache add      directUrl: 'https://raw.githubusercontent.com/routes/routes.js/master/package.json' } }
18 verbose addRemoteGit caching routes/routes.js
19 verbose addRemoteGit routes/routes.js is a repository hosted by github
20 silly tryGitProto attempting to clone git://github.com/routes/routes.js.git
21 silly tryClone cloning routes/routes.js via git://github.com/routes/routes.js.git
22 verbose tryClone git-github-com-routes-routes-js-git-88bf814695b55d420e848faa810bf516 not in flight; caching
23 verbose makeDirectory /Users/thomasjohnson/.npm/_git-remotes creation not in flight; initializing
24 silly makeDirectory /Users/thomasjohnson/.npm/_git-remotes uid: 501 gid: 20
25 verbose request uri https://registry.npmjs.org/touch
26 verbose request no auth needed
27 info attempt registry request try #1 at 8:19:18 PM
28 verbose request id cb9adab1333ea989
29 verbose etag "E1HTGB5B7TWNEPHLU14DHYSSB"
30 http request GET https://registry.npmjs.org/touch
31 info git [ 'clone',
31 info git   '--template=/Users/thomasjohnson/.npm/_git-remotes/_templates',
31 info git   '--mirror',
31 info git   'git://github.com/routes/routes.js.git',
31 info git   '/Users/thomasjohnson/.npm/_git-remotes/git-github-com-routes-routes-js-git-88bf814695b55d420e848faa810bf516' ]
32 http 304 https://registry.npmjs.org/touch
33 verbose headers { date: 'Sun, 07 Feb 2016 04:19:17 GMT',
33 verbose headers   via: '1.1 varnish',
33 verbose headers   'cache-control': 'max-age=300',
33 verbose headers   etag: '"E1HTGB5B7TWNEPHLU14DHYSSB"',
33 verbose headers   age: '203',
33 verbose headers   connection: 'keep-alive',
33 verbose headers   'x-served-by': 'cache-sjc3127-SJC',
33 verbose headers   'x-cache': 'HIT',
33 verbose headers   'x-cache-hits': '3',
33 verbose headers   'x-timer': 'S1454818757.620444,VS0,VE0',
33 verbose headers   vary: 'Accept' }
34 silly get cb [ 304,
34 silly get   { date: 'Sun, 07 Feb 2016 04:19:17 GMT',
34 silly get     via: '1.1 varnish',
34 silly get     'cache-control': 'max-age=300',
34 silly get     etag: '"E1HTGB5B7TWNEPHLU14DHYSSB"',
34 silly get     age: '203',
34 silly get     connection: 'keep-alive',
34 silly get     'x-served-by': 'cache-sjc3127-SJC',
34 silly get     'x-cache': 'HIT',
34 silly get     'x-cache-hits': '3',
34 silly get     'x-timer': 'S1454818757.620444,VS0,VE0',
34 silly get     vary: 'Accept' } ]
35 verbose etag https://registry.npmjs.org/touch from cache
36 verbose get saving touch to /Users/thomasjohnson/.npm/registry.npmjs.org/touch/.cache.json
37 verbose git clone --template=/Users/thomasjohnson/.npm/_git-remotes/_templates --mirror git://github.com/routes/routes.js.git /Users/thomasjohnson/.npm/_git-remotes/git-github-com-routes-routes-js-git-88bf814695b55d420e848faa810bf516: Cloning into bare repository '/Users/thomasjohnson/.npm/_git-remotes/git-github-com-routes-routes-js-git-88bf814695b55d420e848faa810bf516'...
37 verbose git clone --template=/Users/thomasjohnson/.npm/_git-remotes/_templates --mirror git://github.com/routes/routes.js.git /Users/thomasjohnson/.npm/_git-remotes/git-github-com-routes-routes-js-git-88bf814695b55d420e848faa810bf516: fatal: remote error:
37 verbose git clone --template=/Users/thomasjohnson/.npm/_git-remotes/_templates --mirror git://github.com/routes/routes.js.git /Users/thomasjohnson/.npm/_git-remotes/git-github-com-routes-routes-js-git-88bf814695b55d420e848faa810bf516:   Repository not found.
38 silly tryHTTPS attempting to clone git+https://github.com/routes/routes.js.git
39 silly tryClone cloning routes/routes.js via git+https://github.com/routes/routes.js.git
40 verbose tryClone git-https-github-com-routes-routes-js-git-fc93b7a64994a78b5a48a305008fffa2 not in flight; caching
41 info git [ 'clone',
41 info git   '--template=/Users/thomasjohnson/.npm/_git-remotes/_templates',
41 info git   '--mirror',
41 info git   'https://github.com/routes/routes.js.git',
41 info git   '/Users/thomasjohnson/.npm/_git-remotes/git-https-github-com-routes-routes-js-git-fc93b7a64994a78b5a48a305008fffa2' ]
42 verbose git clone --template=/Users/thomasjohnson/.npm/_git-remotes/_templates --mirror https://github.com/routes/routes.js.git /Users/thomasjohnson/.npm/_git-remotes/git-https-github-com-routes-routes-js-git-fc93b7a64994a78b5a48a305008fffa2: Cloning into bare repository '/Users/thomasjohnson/.npm/_git-remotes/git-https-github-com-routes-routes-js-git-fc93b7a64994a78b5a48a305008fffa2'...
42 verbose git clone --template=/Users/thomasjohnson/.npm/_git-remotes/_templates --mirror https://github.com/routes/routes.js.git /Users/thomasjohnson/.npm/_git-remotes/git-https-github-com-routes-routes-js-git-fc93b7a64994a78b5a48a305008fffa2: remote: Repository not found.
42 verbose git clone --template=/Users/thomasjohnson/.npm/_git-remotes/_templates --mirror https://github.com/routes/routes.js.git /Users/thomasjohnson/.npm/_git-remotes/git-https-github-com-routes-routes-js-git-fc93b7a64994a78b5a48a305008fffa2: fatal: repository 'https://github.com/routes/routes.js.git/' not found
43 silly trySSH attempting to clone git@github.com:routes/routes.js.git
44 silly tryClone cloning routes/routes.js via git@github.com:routes/routes.js.git
45 verbose tryClone git-github-com-routes-routes-js-git-768270378ca3565f48abd5d53f3af357 not in flight; caching
46 info git [ 'clone',
46 info git   '--template=/Users/thomasjohnson/.npm/_git-remotes/_templates',
46 info git   '--mirror',
46 info git   'git@github.com:routes/routes.js.git',
46 info git   '/Users/thomasjohnson/.npm/_git-remotes/git-github-com-routes-routes-js-git-768270378ca3565f48abd5d53f3af357' ]
47 error git clone --template=/Users/thomasjohnson/.npm/_git-remotes/_templates --mirror git@github.com:routes/routes.js.git /Users/thomasjohnson/.npm/_git-remotes/git-github-com-routes-routes-js-git-768270378ca3565f48abd5d53f3af357: Cloning into bare repository '/Users/thomasjohnson/.npm/_git-remotes/git-github-com-routes-routes-js-git-768270378ca3565f48abd5d53f3af357'...
47 error git clone --template=/Users/thomasjohnson/.npm/_git-remotes/_templates --mirror git@github.com:routes/routes.js.git /Users/thomasjohnson/.npm/_git-remotes/git-github-com-routes-routes-js-git-768270378ca3565f48abd5d53f3af357: Host key verification failed.
47 error git clone --template=/Users/thomasjohnson/.npm/_git-remotes/_templates --mirror git@github.com:routes/routes.js.git /Users/thomasjohnson/.npm/_git-remotes/git-github-com-routes-routes-js-git-768270378ca3565f48abd5d53f3af357: fatal: Could not read from remote repository.
47 error git clone --template=/Users/thomasjohnson/.npm/_git-remotes/_templates --mirror git@github.com:routes/routes.js.git /Users/thomasjohnson/.npm/_git-remotes/git-github-com-routes-routes-js-git-768270378ca3565f48abd5d53f3af357:
47 error git clone --template=/Users/thomasjohnson/.npm/_git-remotes/_templates --mirror git@github.com:routes/routes.js.git /Users/thomasjohnson/.npm/_git-remotes/git-github-com-routes-routes-js-git-768270378ca3565f48abd5d53f3af357: Please make sure you have the correct access rights
47 error git clone --template=/Users/thomasjohnson/.npm/_git-remotes/_templates --mirror git@github.com:routes/routes.js.git /Users/thomasjohnson/.npm/_git-remotes/git-github-com-routes-routes-js-git-768270378ca3565f48abd5d53f3af357: and the repository exists.
48 silly fetchPackageMetaData Error: Command failed: git clone --template=/Users/thomasjohnson/.npm/_git-remotes/_templates --mirror git@github.com:routes/routes.js.git /Users/thomasjohnson/.npm/_git-remotes/git-github-com-routes-routes-js-git-768270378ca3565f48abd5d53f3af357
48 silly fetchPackageMetaData Cloning into bare repository '/Users/thomasjohnson/.npm/_git-remotes/git-github-com-routes-routes-js-git-768270378ca3565f48abd5d53f3af357'...
48 silly fetchPackageMetaData Host key verification failed.
48 silly fetchPackageMetaData fatal: Could not read from remote repository.
48 silly fetchPackageMetaData
48 silly fetchPackageMetaData Please make sure you have the correct access rights
48 silly fetchPackageMetaData and the repository exists.
48 silly fetchPackageMetaData
48 silly fetchPackageMetaData     at ChildProcess.exithandler (child_process.js:203:12)
48 silly fetchPackageMetaData     at emitTwo (events.js:87:13)
48 silly fetchPackageMetaData     at ChildProcess.emit (events.js:172:7)
48 silly fetchPackageMetaData     at maybeClose (internal/child_process.js:818:16)
48 silly fetchPackageMetaData     at Process.ChildProcess._handle.onexit (internal/child_process.js:211:5)
48 silly fetchPackageMetaData  error for routes/routes.js { [Error: Command failed: git clone --template=/Users/thomasjohnson/.npm/_git-remotes/_templates --mirror git@github.com:routes/routes.js.git /Users/thomasjohnson/.npm/_git-remotes/git-github-com-routes-routes-js-git-768270378ca3565f48abd5d53f3af357
48 silly fetchPackageMetaData Cloning into bare repository '/Users/thomasjohnson/.npm/_git-remotes/git-github-com-routes-routes-js-git-768270378ca3565f48abd5d53f3af357'...
48 silly fetchPackageMetaData Host key verification failed.
48 silly fetchPackageMetaData fatal: Could not read from remote repository.
48 silly fetchPackageMetaData
48 silly fetchPackageMetaData Please make sure you have the correct access rights
48 silly fetchPackageMetaData and the repository exists.
48 silly fetchPackageMetaData ]
48 silly fetchPackageMetaData   killed: false,
48 silly fetchPackageMetaData   code: 128,
48 silly fetchPackageMetaData   signal: null,
48 silly fetchPackageMetaData   cmd: 'git clone --template=/Users/thomasjohnson/.npm/_git-remotes/_templates --mirror git@github.com:routes/routes.js.git /Users/thomasjohnson/.npm/_git-remotes/git-github-com-routes-routes-js-git-768270378ca3565f48abd5d53f3af357' }
49 silly rollbackFailedOptional Starting
50 silly rollbackFailedOptional Finishing
51 silly runTopLevelLifecycles Starting
52 silly runTopLevelLifecycles Finishing
53 silly install printInstalled
54 verbose stack Error: Command failed: git clone --template=/Users/thomasjohnson/.npm/_git-remotes/_templates --mirror git@github.com:routes/routes.js.git /Users/thomasjohnson/.npm/_git-remotes/git-github-com-routes-routes-js-git-768270378ca3565f48abd5d53f3af357
54 verbose stack Cloning into bare repository '/Users/thomasjohnson/.npm/_git-remotes/git-github-com-routes-routes-js-git-768270378ca3565f48abd5d53f3af357'...
54 verbose stack Host key verification failed.
54 verbose stack fatal: Could not read from remote repository.
54 verbose stack
54 verbose stack Please make sure you have the correct access rights
54 verbose stack and the repository exists.
54 verbose stack
54 verbose stack     at ChildProcess.exithandler (child_process.js:203:12)
54 verbose stack     at emitTwo (events.js:87:13)
54 verbose stack     at ChildProcess.emit (events.js:172:7)
54 verbose stack     at maybeClose (internal/child_process.js:818:16)
54 verbose stack     at Process.ChildProcess._handle.onexit (internal/child_process.js:211:5)
55 verbose cwd /Users/thomasjohnson/development/javascript/node/fcc-metadata
56 error Darwin 15.3.0
57 error argv "/usr/local/bin/node" "/Users/thomasjohnson/.npm-packages/bin/npm" "install" "touch" "routes/routes.js"
58 error node v4.2.2
59 error npm  v3.3.12
60 error code 128
61 error Command failed: git clone --template=/Users/thomasjohnson/.npm/_git-remotes/_templates --mirror git@github.com:routes/routes.js.git /Users/thomasjohnson/.npm/_git-remotes/git-github-com-routes-routes-js-git-768270378ca3565f48abd5d53f3af357
61 error Cloning into bare repository '/Users/thomasjohnson/.npm/_git-remotes/git-github-com-routes-routes-js-git-768270378ca3565f48abd5d53f3af357'...
61 error Host key verification failed.
61 error fatal: Could not read from remote repository.
61 error
61 error Please make sure you have the correct access rights
61 error and the repository exists.
62 error If you need help, you may report this error at:
62 error     <https://github.com/npm/npm/issues>
63 verbose exit [ 1, true ]
